<?xml version="1.0" encoding="UTF-8"?>
<!-- Generated by org.testng.reporters.JUnitXMLReporter -->
<testsuite hostname="LAPTOP-S9BHFJ1C" ignored="1" name="Default test" tests="3" failures="0" timestamp="26 Jul 2019 12:41:47 GMT" time="0.093" errors="0">
  <testcase name="BrowserLaunch" time="0.02" classname="com.TestNG_Test.TestNG_Test_Annotations"/>
  <testcase name="NavigateToGmailApplication" time="0.004" classname="com.TestNG_Test.TestNG_Test_Annotations"/>
  <testcase name="Inbox" time="0.003" classname="com.TestNG_Test.TestNG_Test_Annotations"/>
  <testcase name="LogIn" time="0.0" classname="com.TestNG_Test.TestNG_Test_Annotations">
    <ignored/>
  </testcase> <!-- LogIn -->
</testsuite> <!-- Default test -->
