<?xml version="1.0" encoding="UTF-8"?>
<testng-results skipped="0" failed="0" ignored="0" total="1" passed="1">
  <reporter-output>
  </reporter-output>
  <suite name="Default suite" duration-ms="4029" started-at="2019-08-05T13:08:00Z" finished-at="2019-08-05T13:08:04Z">
    <groups>
    </groups>
    <test name="Default test" duration-ms="4029" started-at="2019-08-05T13:08:00Z" finished-at="2019-08-05T13:08:04Z">
      <class name="com.OHRM.TestScripts.LogInTest">
        <test-method status="PASS" signature="LogIn()[pri:0, instance:com.OHRM.TestScripts.LogInTest@2a5ca609]" name="LogIn" duration-ms="3957" started-at="2019-08-05T13:08:00Z" finished-at="2019-08-05T13:08:04Z">
          <reporter-output>
          </reporter-output>
        </test-method> <!-- LogIn -->
      </class> <!-- com.OHRM.TestScripts.LogInTest -->
    </test> <!-- Default test -->
  </suite> <!-- Default suite -->
</testng-results>
